<?xml version="1.0" encoding="UTF-8"?>
<!-- Generated by org.testng.reporters.JUnitReportReporter -->
<testsuite hostname="WKWIN5154091" failures="0" tests="2" name="com.qa.test.GetRestAssuredBDD" time="2.521" errors="0" timestamp="2019-12-02T11:26:55 IST" skipped="1">
  <testcase classname="com.qa.test.GetRestAssuredBDD" name="getCirucitInfo2015Test" time="2.521"/>
  <testcase classname="com.qa.test.GetRestAssuredBDD" name="getCityInfoTest">
    <skipped/>
  </testcase> <!-- getCityInfoTest -->
</testsuite> <!-- com.qa.test.GetRestAssuredBDD -->
